<?xml version="1.0" encoding="UTF-8"?>
<!-- Generated by org.testng.reporters.JUnitReportReporter -->
<testsuite hostname="DESKTOP-AOQLRB5" failures="0" tests="1" name="com.rmgyantra.sdet28.CRUDOperationWithoutBDD.CreateResourceTest" time="1.898" errors="0" timestamp="2022-03-01T10:08:03 IST" skipped="0">
  <testcase classname="com.rmgyantra.sdet28.CRUDOperationWithoutBDD.CreateResourceTest" name="Create" time="1.898"/>
  <system-out/>
</testsuite> <!-- com.rmgyantra.sdet28.CRUDOperationWithoutBDD.CreateResourceTest -->
