<?xml version="1.0" encoding="UTF-8"?>
<!-- Generated by org.testng.reporters.JUnitReportReporter -->
<testsuite hostname="DESKTOP-AOQLRB5" failures="0" tests="1" name="com.rmgyantra.sdet28.CRUDOperationWithBDDFeature.CreateResourceTest" time="1.591" errors="0" timestamp="2022-02-25T12:33:35 IST" skipped="0">
  <testcase classname="com.rmgyantra.sdet28.CRUDOperationWithBDDFeature.CreateResourceTest" name="create" time="1.591"/>
  <system-out/>
</testsuite> <!-- com.rmgyantra.sdet28.CRUDOperationWithBDDFeature.CreateResourceTest -->
