<?xml version="1.0" encoding="UTF-8"?>
<!-- Generated by org.testng.reporters.JUnitReportReporter -->
<testsuite hostname="DESKTOP-AOQLRB5" failures="0" tests="1" name="com.validation.DynamicResponseValidation" time="1.677" errors="0" timestamp="2022-02-28T12:41:14 IST" skipped="0">
  <testcase classname="com.validation.DynamicResponseValidation" name="validate" time="1.677"/>
  <system-out/>
</testsuite> <!-- com.validation.DynamicResponseValidation -->
