<?xml version="1.0" encoding="UTF-8"?>
<!-- Generated by org.testng.reporters.JUnitReportReporter -->
<testsuite hostname="DESKTOP-AOQLRB5" failures="0" tests="1" name="com.rmgyantra.sdet28.CRUDOperationWithBDDFeature.DeleteTest" time="1.296" errors="0" timestamp="2022-02-25T13:20:05 IST" skipped="0">
  <testcase classname="com.rmgyantra.sdet28.CRUDOperationWithBDDFeature.DeleteTest" name="delete" time="1.296"/>
  <system-out/>
</testsuite> <!-- com.rmgyantra.sdet28.CRUDOperationWithBDDFeature.DeleteTest -->
