<?xml version="1.0" encoding="UTF-8"?>
<!-- Generated by org.testng.reporters.JUnitReportReporter -->
<testsuite hostname="DESKTOP-AOQLRB5" failures="0" tests="1" name="com.rmgyantra.parameters.QueryParameterTest" time="2.165" errors="0" timestamp="2022-02-28T16:55:37 IST" skipped="0">
  <testcase classname="com.rmgyantra.parameters.QueryParameterTest" name="parameter" time="2.165"/>
  <system-out/>
</testsuite> <!-- com.rmgyantra.parameters.QueryParameterTest -->
