<?xml version="1.0" encoding="UTF-8"?>
<!-- Generated by org.testng.reporters.JUnitReportReporter -->
<testsuite hostname="DESKTOP-AOQLRB5" failures="0" tests="1" name="ResponseAndDatabase.CreateAResourceVerifyResponseAndDatabase" time="1.885" errors="0" timestamp="2022-03-02T10:45:43 IST" skipped="0">
  <testcase classname="ResponseAndDatabase.CreateAResourceVerifyResponseAndDatabase" name="verification" time="1.885"/>
  <system-out/>
</testsuite> <!-- ResponseAndDatabase.CreateAResourceVerifyResponseAndDatabase -->
