<?xml version="1.0" encoding="UTF-8"?>
<!-- Generated by org.testng.reporters.JUnitReportReporter -->
<testsuite hostname="DESKTOP-AOQLRB5" failures="0" tests="1" name="com.rmgyantra.requestChaining.CreateProjectAndAllocateUser" time="2.356" errors="0" timestamp="2022-03-01T10:10:41 IST" skipped="0">
  <testcase classname="com.rmgyantra.requestChaining.CreateProjectAndAllocateUser" name="chaining" time="2.356"/>
  <system-out/>
</testsuite> <!-- com.rmgyantra.requestChaining.CreateProjectAndAllocateUser -->
