<?xml version="1.0" encoding="UTF-8"?>
<!-- Generated by org.testng.reporters.JUnitReportReporter -->
<testsuite hostname="DESKTOP-AOQLRB5" failures="0" tests="1" name="com.rmgyantra.parameters.PathParameterTest" time="1.312" errors="0" timestamp="2022-02-28T16:49:04 IST" skipped="0">
  <testcase classname="com.rmgyantra.parameters.PathParameterTest" name="parameters" time="1.312"/>
  <system-out/>
</testsuite> <!-- com.rmgyantra.parameters.PathParameterTest -->
