<?xml version="1.0" encoding="UTF-8"?>
<!-- Generated by org.testng.reporters.JUnitReportReporter -->
<testsuite hostname="DESKTOP-AOQLRB5" failures="0" tests="1" name="com.rmgyantra.requestChaining.CreateAndDeleteUser" time="2.057" errors="0" timestamp="2022-03-01T09:25:11 IST" skipped="0">
  <testcase classname="com.rmgyantra.requestChaining.CreateAndDeleteUser" name="chaining" time="2.057"/>
  <system-out/>
</testsuite> <!-- com.rmgyantra.requestChaining.CreateAndDeleteUser -->
