<?xml version="1.0" encoding="UTF-8"?>
<!-- Generated by org.testng.reporters.JUnitReportReporter -->
<testsuite hostname="DESKTOP-AOQLRB5" failures="0" tests="1" name="com.validation.ValidateUsingHamcrestTest" time="1.673" errors="0" timestamp="2022-03-01T12:53:59 IST" skipped="0">
  <testcase classname="com.validation.ValidateUsingHamcrestTest" name="validate" time="1.673"/>
  <system-out/>
</testsuite> <!-- com.validation.ValidateUsingHamcrestTest -->
