<?xml version="1.0" encoding="UTF-8"?>
<!-- Generated by org.testng.reporters.JUnitReportReporter -->
<testsuite hostname="DESKTOP-AOQLRB5" failures="0" tests="1" name="com.rmgyantra.requestChaining.PostAndDeleteRequestChainingTest" time="1.787" errors="0" timestamp="2022-02-28T21:39:48 IST" skipped="0">
  <testcase classname="com.rmgyantra.requestChaining.PostAndDeleteRequestChainingTest" name="chaining" time="1.787"/>
  <system-out/>
</testsuite> <!-- com.rmgyantra.requestChaining.PostAndDeleteRequestChainingTest -->
