<?xml version="1.0" encoding="UTF-8"?>
<!-- Generated by org.testng.reporters.JUnitReportReporter -->
<testsuite hostname="DESKTOP-AOQLRB5" failures="0" tests="1" name="com.rmgyantra.sdet28.CRUDOperationWithoutBDD.GetAllTheResourcesTest" time="1.304" errors="0" timestamp="2022-03-01T12:28:59 IST" skipped="0">
  <testcase classname="com.rmgyantra.sdet28.CRUDOperationWithoutBDD.GetAllTheResourcesTest" name="getResource" time="1.304"/>
  <system-out/>
</testsuite> <!-- com.rmgyantra.sdet28.CRUDOperationWithoutBDD.GetAllTheResourcesTest -->
