<?xml version="1.0" encoding="UTF-8"?>
<!-- Generated by org.testng.reporters.JUnitReportReporter -->
<testsuite hostname="DESKTOP-AOQLRB5" failures="0" tests="1" name="calnderpopup.CalenderTest" time="16.742" errors="0" timestamp="2022-03-02T14:59:19 IST" skipped="0">
  <testcase classname="calnderpopup.CalenderTest" name="calender" time="16.742"/>
  <system-out/>
</testsuite> <!-- calnderpopup.CalenderTest -->
