<?xml version="1.0" encoding="UTF-8"?>
<!-- Generated by org.testng.reporters.JUnitReportReporter -->
<testsuite hostname="DESKTOP-AOQLRB5" failures="0" tests="1" name="com.validation.CreateAResourceAndValidateStaticResponse" time="1.762" errors="0" timestamp="2022-02-28T15:01:06 IST" skipped="0">
  <testcase classname="com.validation.CreateAResourceAndValidateStaticResponse" name="createAndValidate" time="1.762"/>
  <system-out/>
</testsuite> <!-- com.validation.CreateAResourceAndValidateStaticResponse -->
