<?xml version="1.0" encoding="UTF-8"?>
<!-- Generated by org.testng.reporters.JUnitReportReporter -->
<testsuite hostname="DESKTOP-AOQLRB5" failures="0" tests="4" name="com.validation.SameRequestWithMultipleData" time="1.530" errors="0" timestamp="2022-03-01T13:03:56 IST" skipped="0">
  <testcase classname="com.validation.SameRequestWithMultipleData" name="create" time="0.019"/>
  <system-out/>
  <testcase classname="com.validation.SameRequestWithMultipleData" name="create" time="0.021"/>
  <system-out/>
  <testcase classname="com.validation.SameRequestWithMultipleData" name="create" time="1.467"/>
  <system-out/>
  <testcase classname="com.validation.SameRequestWithMultipleData" name="create" time="0.023"/>
  <system-out/>
</testsuite> <!-- com.validation.SameRequestWithMultipleData -->
