<?xml version="1.0" encoding="UTF-8"?>
<!-- Generated by org.testng.reporters.JUnitReportReporter -->
<testsuite hostname="DESKTOP-AOQLRB5" failures="0" tests="1" name="com.vaidation.StaticResponseValidation" time="1.855" errors="0" timestamp="2022-02-28T12:15:05 IST" skipped="0">
  <testcase classname="com.vaidation.StaticResponseValidation" name="create" time="1.855"/>
  <system-out/>
</testsuite> <!-- com.vaidation.StaticResponseValidation -->
