<?xml version="1.0" encoding="UTF-8"?>
<!-- Generated by org.testng.reporters.JUnitReportReporter -->
<testsuite hostname="DESKTOP-AOQLRB5" failures="0" tests="1" name="com.vaidation.HeaderValidationTest" time="1.311" errors="0" timestamp="2022-02-28T12:26:05 IST" skipped="0">
  <testcase classname="com.vaidation.HeaderValidationTest" name="validation" time="1.311"/>
  <system-out/>
</testsuite> <!-- com.vaidation.HeaderValidationTest -->
