<?xml version="1.0" encoding="UTF-8"?>
<!-- Generated by org.testng.reporters.JUnitReportReporter -->
<testsuite hostname="DESKTOP-AOQLRB5" failures="0" tests="1" name="com.validation.StatusCodeValidation" time="1.335" errors="0" timestamp="2022-02-28T15:27:14 IST" skipped="0">
  <testcase classname="com.validation.StatusCodeValidation" name="validate" time="1.335"/>
  <system-out/>
</testsuite> <!-- com.validation.StatusCodeValidation -->
