<?xml version="1.0" encoding="UTF-8"?>
<!-- Generated by org.testng.reporters.JUnitReportReporter -->
<testsuite hostname="DESKTOP-AOQLRB5" failures="0" tests="1" name="com.rmgyantra.authentication.BearerAuthTest" time="2.342" errors="0" timestamp="2022-03-01T13:24:55 IST" skipped="0">
  <testcase classname="com.rmgyantra.authentication.BearerAuthTest" name="authentication" time="2.342"/>
  <system-out/>
</testsuite> <!-- com.rmgyantra.authentication.BearerAuthTest -->
