<?xml version="1.0" encoding="UTF-8"?>
<!-- Generated by org.testng.reporters.JUnitReportReporter -->
<testsuite hostname="DESKTOP-AOQLRB5" failures="0" tests="1" name="com.rmgyantra.parameters.ParametersTest" time="2.380" errors="0" timestamp="2022-02-28T17:04:23 IST" skipped="0">
  <testcase classname="com.rmgyantra.parameters.ParametersTest" name="parameters" time="2.380"/>
  <system-out/>
</testsuite> <!-- com.rmgyantra.parameters.ParametersTest -->
