<?xml version="1.0" encoding="UTF-8"?>
<!-- Generated by org.testng.reporters.JUnitReportReporter -->
<testsuite hostname="DESKTOP-AOQLRB5" failures="0" tests="1" name="com.rmgyantra.DifferentWaysToPostRequest.CreateAResourceUsingHashMap" time="1.494" errors="0" timestamp="2022-02-25T15:43:55 IST" skipped="0">
  <testcase classname="com.rmgyantra.DifferentWaysToPostRequest.CreateAResourceUsingHashMap" name="create" time="1.494"/>
  <system-out/>
</testsuite> <!-- com.rmgyantra.DifferentWaysToPostRequest.CreateAResourceUsingHashMap -->
