<?xml version="1.0" encoding="UTF-8"?>
<!-- Generated by org.testng.reporters.JUnitReportReporter -->
<testsuite hostname="DESKTOP-AOQLRB5" failures="0" tests="1" name="com.rmgyantra.sdet28.CRUDOperationWithoutBDD.PartialUpdation" time="3.445" errors="0" timestamp="2022-02-24T17:52:50 IST" skipped="0">
  <testcase classname="com.rmgyantra.sdet28.CRUDOperationWithoutBDD.PartialUpdation" name="updation" time="3.445"/>
  <system-out/>
</testsuite> <!-- com.rmgyantra.sdet28.CRUDOperationWithoutBDD.PartialUpdation -->
