<?xml version="1.0" encoding="UTF-8"?>
<!-- Generated by org.testng.reporters.JUnitReportReporter -->
<testsuite hostname="DESKTOP-AOQLRB5" failures="0" tests="1" name="com.rmgyantra.sdet28.CRUDOperationWithBDDFeature.CompleteUpdation" time="1.493" errors="0" timestamp="2022-02-25T13:06:13 IST" skipped="0">
  <testcase classname="com.rmgyantra.sdet28.CRUDOperationWithBDDFeature.CompleteUpdation" name="updation" time="1.493"/>
  <system-out/>
</testsuite> <!-- com.rmgyantra.sdet28.CRUDOperationWithBDDFeature.CompleteUpdation -->
