<?xml version="1.0" encoding="UTF-8"?>
<!-- Generated by org.testng.reporters.JUnitReportReporter -->
<testsuite hostname="DESKTOP-AOQLRB5" failures="0" tests="2" name="com.rmgyantra.authentication.AuthenticationTest" time="1.423" errors="0" timestamp="2022-03-01T15:11:37 IST" skipped="0">
  <testcase classname="com.rmgyantra.authentication.AuthenticationTest" name="preemptiveAuthenticaion" time="0.102"/>
  <system-out/>
  <testcase classname="com.rmgyantra.authentication.AuthenticationTest" name="digestAuthenticaion" time="1.321"/>
  <system-out/>
</testsuite> <!-- com.rmgyantra.authentication.AuthenticationTest -->
