<?xml version="1.0" encoding="UTF-8"?>
<!-- Generated by org.testng.reporters.JUnitReportReporter -->
<testsuite hostname="DESKTOP-AOQLRB5" failures="0" tests="1" name="com.rmgyantra.sdet28.CRUDOperationWithoutBDD.CompleteUpdation" time="2.068" errors="0" timestamp="2022-02-24T17:42:11 IST" skipped="0">
  <testcase classname="com.rmgyantra.sdet28.CRUDOperationWithoutBDD.CompleteUpdation" name="update" time="2.068"/>
  <system-out/>
</testsuite> <!-- com.rmgyantra.sdet28.CRUDOperationWithoutBDD.CompleteUpdation -->
