<?xml version="1.0" encoding="UTF-8"?>
<!-- Generated by org.testng.reporters.JUnitReportReporter -->
<testsuite hostname="DESKTOP-AOQLRB5" failures="0" tests="1" name="com.rmgyantra.DifferentWaysToPostRequest.CreateAResourceUsingJsonFieTest" time="1.321" errors="0" timestamp="2022-02-25T15:53:55 IST" skipped="0">
  <testcase classname="com.rmgyantra.DifferentWaysToPostRequest.CreateAResourceUsingJsonFieTest" name="create" time="1.321"/>
  <system-out/>
</testsuite> <!-- com.rmgyantra.DifferentWaysToPostRequest.CreateAResourceUsingJsonFieTest -->
