<?xml version="1.0" encoding="UTF-8"?>
<!-- Generated by org.testng.reporters.JUnitReportReporter -->
<testsuite hostname="DESKTOP-AOQLRB5" failures="0" tests="1" name="com.rmgyantra.sdet28.CRUDOperationWithBDDFeature.GetAResourceTest" time="1.517" errors="0" timestamp="2022-03-02T09:57:25 IST" skipped="0">
  <testcase classname="com.rmgyantra.sdet28.CRUDOperationWithBDDFeature.GetAResourceTest" name="getResources" time="1.517"/>
  <system-out/>
</testsuite> <!-- com.rmgyantra.sdet28.CRUDOperationWithBDDFeature.GetAResourceTest -->
