<?xml version="1.0" encoding="UTF-8"?>
<!-- Generated by org.testng.reporters.JUnitReportReporter -->
<testsuite hostname="DESKTOP-AOQLRB5" failures="0" tests="1" name="com.rmgyantra.DifferentWaysToPostRequest.CreateResourceUsingJsonObjectTest" time="1.419" errors="0" timestamp="2022-02-25T15:33:42 IST" skipped="0">
  <testcase classname="com.rmgyantra.DifferentWaysToPostRequest.CreateResourceUsingJsonObjectTest" name="create" time="1.419"/>
  <system-out/>
</testsuite> <!-- com.rmgyantra.DifferentWaysToPostRequest.CreateResourceUsingJsonObjectTest -->
