<?xml version="1.0" encoding="UTF-8"?>
<!-- Generated by org.testng.reporters.JUnitReportReporter -->
<testsuite hostname="DESKTOP-AOQLRB5" failures="0" tests="1" name="com.rmgyantra.CreateUserTests" time="1.558" errors="0" timestamp="2022-02-26T20:48:12 IST" skipped="0">
  <testcase classname="com.rmgyantra.CreateUserTests" name="createUser" time="1.558"/>
  <system-out/>
</testsuite> <!-- com.rmgyantra.CreateUserTests -->
