<?xml version="1.0" encoding="UTF-8"?>
<!-- Generated by org.testng.reporters.JUnitReportReporter -->
<testsuite hostname="DESKTOP-AOQLRB5" failures="0" tests="1" name="com.rmgyantra.DifferentWaysToPostRequest.CreateAResoureUsingPojoClassTest" time="1.507" errors="0" timestamp="2022-02-25T16:10:25 IST" skipped="0">
  <testcase classname="com.rmgyantra.DifferentWaysToPostRequest.CreateAResoureUsingPojoClassTest" name="create" time="1.507"/>
  <system-out/>
</testsuite> <!-- com.rmgyantra.DifferentWaysToPostRequest.CreateAResoureUsingPojoClassTest -->
