<?xml version="1.0" encoding="UTF-8"?>
<!-- Generated by org.testng.reporters.JUnitReportReporter -->
<testsuite hostname="DESKTOP-AOQLRB5" failures="0" tests="1" name="com.rmgyantra.sdet28.CRUDOperationWithBDDFeature.GetAResource" time="1.362" errors="0" timestamp="2022-02-25T13:01:57 IST" skipped="0">
  <testcase classname="com.rmgyantra.sdet28.CRUDOperationWithBDDFeature.GetAResource" name="getResources" time="1.362"/>
  <system-out/>
</testsuite> <!-- com.rmgyantra.sdet28.CRUDOperationWithBDDFeature.GetAResource -->
