<?xml version="1.0" encoding="UTF-8"?>
<!-- Generated by org.testng.reporters.JUnitReportReporter -->
<testsuite hostname="DESKTOP-AOQLRB5" failures="0" tests="1" name="com.rmgyantra.authentication.BasicAuthTest" time="1.393" errors="0" timestamp="2022-03-01T13:08:30 IST" skipped="0">
  <testcase classname="com.rmgyantra.authentication.BasicAuthTest" name="authentication" time="1.393"/>
  <system-out/>
</testsuite> <!-- com.rmgyantra.authentication.BasicAuthTest -->
