<?xml version="1.0" encoding="UTF-8"?>
<!-- Generated by org.testng.reporters.JUnitReportReporter -->
<testsuite hostname="DESKTOP-AOQLRB5" failures="0" tests="1" name="com.rmgyantra.requestChaining.RequestChainingTest" time="1.742" errors="0" timestamp="2022-02-28T17:17:14 IST" skipped="0">
  <testcase classname="com.rmgyantra.requestChaining.RequestChainingTest" name="chaining" time="1.742"/>
  <system-out/>
</testsuite> <!-- com.rmgyantra.requestChaining.RequestChainingTest -->
